<?xml version="1.0" encoding="UTF-8"?>
<testng-results skipped="0" failed="0" ignored="0" total="1" passed="1">
  <reporter-output>
  </reporter-output>
  <suite name="Suite" duration-ms="49977" started-at="2022-10-23T09:02:36 IST" finished-at="2022-10-23T09:03:26 IST">
    <groups>
    </groups>
    <test name="Test" duration-ms="49977" started-at="2022-10-23T09:02:36 IST" finished-at="2022-10-23T09:03:26 IST">
      <class name="testcases.MovieInfoValidation">
        <test-method status="PASS" signature="setUp()[pri:0, instance:testcases.MovieInfoValidation@42d8062c]" name="setUp" is-config="true" duration-ms="23431" started-at="2022-10-23T09:02:36 IST" finished-at="2022-10-23T09:02:59 IST">
          <reporter-output>
          </reporter-output>
        </test-method> <!-- setUp -->
        <test-method status="PASS" signature="movieInfoValidation()[pri:0, instance:testcases.MovieInfoValidation@42d8062c]" name="movieInfoValidation" duration-ms="25718" started-at="2022-10-23T09:02:59 IST" finished-at="2022-10-23T09:03:25 IST">
          <reporter-output>
          </reporter-output>
        </test-method> <!-- movieInfoValidation -->
        <test-method status="PASS" signature="tearDown()[pri:0, instance:testcases.MovieInfoValidation@42d8062c]" name="tearDown" is-config="true" duration-ms="623" started-at="2022-10-23T09:03:25 IST" finished-at="2022-10-23T09:03:26 IST">
          <reporter-output>
          </reporter-output>
        </test-method> <!-- tearDown -->
      </class> <!-- testcases.MovieInfoValidation -->
    </test> <!-- Test -->
  </suite> <!-- Suite -->
</testng-results>
